This is pdfTeX, Version 3.14159265-2.6-1.40.20 (TeX Live 2019/Debian) (preloaded format=pdflatex 2023.5.31)  7 NOV 2023 10:14
entering extended mode
 restricted \write18 enabled.
 %&-line parsing enabled.
**tutorial05_solutions.tex
(./tutorial05_solutions.tex
LaTeX2e <2020-02-02> patch level 2
L3 programming layer <2020-02-14>
(/usr/share/texlive/texmf-dist/tex/latex/amscls/amsart.cls
Document Class: amsart 2017/10/31 v2.20.4
\linespacing=\dimen134
\normalparindent=\dimen135
\normaltopskip=\skip47
(/usr/share/texlive/texmf-dist/tex/latex/amsmath/amsmath.sty
Package: amsmath 2020/01/20 v2.17e AMS math features
\@mathmargin=\skip48

For additional information on amsmath, use the `?' option.
(/usr/share/texlive/texmf-dist/tex/latex/amsmath/amstext.sty
Package: amstext 2000/06/29 v2.01 AMS text

(/usr/share/texlive/texmf-dist/tex/latex/amsmath/amsgen.sty
File: amsgen.sty 1999/11/30 v2.0 generic functions
\@emptytoks=\toks14
\ex@=\dimen136
))
(/usr/share/texlive/texmf-dist/tex/latex/amsmath/amsbsy.sty
Package: amsbsy 1999/11/29 v1.2d Bold Symbols
\pmbraise@=\dimen137
)
(/usr/share/texlive/texmf-dist/tex/latex/amsmath/amsopn.sty
Package: amsopn 2016/03/08 v2.02 operator names
)
\inf@bad=\count167
LaTeX Info: Redefining \frac on input line 227.
\uproot@=\count168
\leftroot@=\count169
LaTeX Info: Redefining \overline on input line 389.
\classnum@=\count170
\DOTSCASE@=\count171
LaTeX Info: Redefining \ldots on input line 486.
LaTeX Info: Redefining \dots on input line 489.
LaTeX Info: Redefining \cdots on input line 610.
\Mathstrutbox@=\box45
\strutbox@=\box46
\big@size=\dimen138
LaTeX Font Info:    Redeclaring font encoding OML on input line 733.
LaTeX Font Info:    Redeclaring font encoding OMS on input line 734.
\macc@depth=\count172
\c@MaxMatrixCols=\count173
\dotsspace@=\muskip16
\c@parentequation=\count174
\dspbrk@lvl=\count175
\tag@help=\toks15
\row@=\count176
\column@=\count177
\maxfields@=\count178
\andhelp@=\toks16
\eqnshift@=\dimen139
\alignsep@=\dimen140
\tagshift@=\dimen141
\tagwidth@=\dimen142
\totwidth@=\dimen143
\lineht@=\dimen144
\@envbody=\toks17
\multlinegap=\skip49
\multlinetaggap=\skip50
\mathdisplay@stack=\toks18
LaTeX Info: Redefining \[ on input line 2859.
LaTeX Info: Redefining \] on input line 2860.
)
LaTeX Font Info:    Trying to load font information for U+msa on input line 398
.

(/usr/share/texlive/texmf-dist/tex/latex/amsfonts/umsa.fd
File: umsa.fd 2013/01/14 v3.01 AMS symbols A
)
(/usr/share/texlive/texmf-dist/tex/latex/amsfonts/amsfonts.sty
Package: amsfonts 2013/01/14 v3.01 Basic AMSFonts support
\symAMSa=\mathgroup4
\symAMSb=\mathgroup5
LaTeX Font Info:    Redeclaring math symbol \hbar on input line 98.
LaTeX Font Info:    Overwriting math alphabet `\mathfrak' in version `bold'
(Font)                  U/euf/m/n --> U/euf/b/n on input line 106.
)
\copyins=\insert199
\abstractbox=\box47
\listisep=\skip51
\c@part=\count179
\c@section=\count180
\c@subsection=\count181
\c@subsubsection=\count182
\c@paragraph=\count183
\c@subparagraph=\count184
\c@figure=\count185
\c@table=\count186
\abovecaptionskip=\skip52
\belowcaptionskip=\skip53
\captionindent=\dimen145
\thm@style=\toks19
\thm@bodyfont=\toks20
\thm@headfont=\toks21
\thm@notefont=\toks22
\thm@headpunct=\toks23
\thm@preskip=\skip54
\thm@postskip=\skip55
\thm@headsep=\skip56
\dth@everypar=\toks24
)
(/usr/share/texlive/texmf-dist/tex/latex/graphics/graphicx.sty
Package: graphicx 2019/11/30 v1.2a Enhanced LaTeX Graphics (DPC,SPQR)

(/usr/share/texlive/texmf-dist/tex/latex/graphics/keyval.sty
Package: keyval 2014/10/28 v1.15 key=value parser (DPC)
\KV@toks@=\toks25
)
(/usr/share/texlive/texmf-dist/tex/latex/graphics/graphics.sty
Package: graphics 2019/11/30 v1.4a Standard LaTeX Graphics (DPC,SPQR)

(/usr/share/texlive/texmf-dist/tex/latex/graphics/trig.sty
Package: trig 2016/01/03 v1.10 sin cos tan (DPC)
)
(/usr/share/texlive/texmf-dist/tex/latex/graphics-cfg/graphics.cfg
File: graphics.cfg 2016/06/04 v1.11 sample graphics configuration
)
Package graphics Info: Driver file: pdftex.def on input line 105.

(/usr/share/texlive/texmf-dist/tex/latex/graphics-def/pdftex.def
File: pdftex.def 2018/01/08 v1.0l Graphics/color driver for pdftex
))
\Gin@req@height=\dimen146
\Gin@req@width=\dimen147
)
(/usr/share/texlive/texmf-dist/tex/latex/pdfpages/pdfpages.sty
Package: pdfpages 2020/01/28 v0.5q Insert pages of external PDF documents (AM)

(/usr/share/texlive/texmf-dist/tex/latex/base/ifthen.sty
Package: ifthen 2014/09/29 v1.1c Standard LaTeX ifthen package (DPC)
)
(/usr/share/texlive/texmf-dist/tex/latex/tools/calc.sty
Package: calc 2017/05/25 v4.3 Infix arithmetic (KKT,FJ)
\calc@Acount=\count187
\calc@Bcount=\count188
\calc@Adimen=\dimen148
\calc@Bdimen=\dimen149
\calc@Askip=\skip57
\calc@Bskip=\skip58
LaTeX Info: Redefining \setlength on input line 80.
LaTeX Info: Redefining \addtolength on input line 81.
\calc@Ccount=\count189
\calc@Cskip=\skip59
)
(/usr/share/texlive/texmf-dist/tex/latex/eso-pic/eso-pic.sty
Package: eso-pic 2018/04/12 v2.0h eso-pic (RN)

(/usr/share/texlive/texmf-dist/tex/generic/atbegshi/atbegshi.sty
Package: atbegshi 2019/12/05 v1.19 At begin shipout hook (HO)

(/usr/share/texlive/texmf-dist/tex/generic/infwarerr/infwarerr.sty
Package: infwarerr 2019/12/03 v1.5 Providing info/warning/error messages (HO)
)
(/usr/share/texlive/texmf-dist/tex/generic/ltxcmds/ltxcmds.sty
Package: ltxcmds 2019/12/15 v1.24 LaTeX kernel commands for general use (HO)
)
(/usr/share/texlive/texmf-dist/tex/generic/iftex/iftex.sty
Package: iftex 2019/11/07 v1.0c TeX engine tests
))
(/usr/share/texlive/texmf-dist/tex/latex/xcolor/xcolor.sty
Package: xcolor 2016/05/11 v2.12 LaTeX color extensions (UK)

(/usr/share/texlive/texmf-dist/tex/latex/graphics-cfg/color.cfg
File: color.cfg 2016/01/02 v1.6 sample color configuration
)
Package xcolor Info: Driver file: pdftex.def on input line 225.
Package xcolor Info: Model `cmy' substituted by `cmy0' on input line 1348.
Package xcolor Info: Model `hsb' substituted by `rgb' on input line 1352.
Package xcolor Info: Model `RGB' extended on input line 1364.
Package xcolor Info: Model `HTML' substituted by `rgb' on input line 1366.
Package xcolor Info: Model `Hsb' substituted by `hsb' on input line 1367.
Package xcolor Info: Model `tHsb' substituted by `hsb' on input line 1368.
Package xcolor Info: Model `HSB' substituted by `hsb' on input line 1369.
Package xcolor Info: Model `Gray' substituted by `gray' on input line 1370.
Package xcolor Info: Model `wave' substituted by `hsb' on input line 1371.
))
\AM@pagewidth=\dimen150
\AM@pageheight=\dimen151

(/usr/share/texlive/texmf-dist/tex/latex/pdfpages/pppdftex.def
File: pppdftex.def 2020/01/28 v0.5q Pdfpages driver for pdfTeX (AM)
)
\AM@pagebox=\box48
\AM@global@opts=\toks26
\AM@pagecnt=\count190
\AM@toc@title=\toks27
\c@AM@survey=\count191
\AM@templatesizebox=\box49
)
(/usr/share/texlive/texmf-dist/tex/latex/l3backend/l3backend-pdfmode.def
File: l3backend-pdfmode.def 2020-02-03 L3 backend support: PDF mode
\l__kernel_color_stack_int=\count192
\l__pdf_internal_box=\box50
)
(./tutorial05_solutions.aux)
\openout1 = `tutorial05_solutions.aux'.

LaTeX Font Info:    Checking defaults for OML/cmm/m/it on input line 12.
LaTeX Font Info:    ... okay on input line 12.
LaTeX Font Info:    Checking defaults for OMS/cmsy/m/n on input line 12.
LaTeX Font Info:    ... okay on input line 12.
LaTeX Font Info:    Checking defaults for OT1/cmr/m/n on input line 12.
LaTeX Font Info:    ... okay on input line 12.
LaTeX Font Info:    Checking defaults for T1/cmr/m/n on input line 12.
LaTeX Font Info:    ... okay on input line 12.
LaTeX Font Info:    Checking defaults for TS1/cmr/m/n on input line 12.
LaTeX Font Info:    ... okay on input line 12.
LaTeX Font Info:    Checking defaults for OMX/cmex/m/n on input line 12.
LaTeX Font Info:    ... okay on input line 12.
LaTeX Font Info:    Checking defaults for U/cmr/m/n on input line 12.
LaTeX Font Info:    ... okay on input line 12.
LaTeX Font Info:    Trying to load font information for U+msa on input line 12.


(/usr/share/texlive/texmf-dist/tex/latex/amsfonts/umsa.fd
File: umsa.fd 2013/01/14 v3.01 AMS symbols A
)
LaTeX Font Info:    Trying to load font information for U+msb on input line 12.


(/usr/share/texlive/texmf-dist/tex/latex/amsfonts/umsb.fd
File: umsb.fd 2013/01/14 v3.01 AMS symbols B
)
(/usr/share/texlive/texmf-dist/tex/context/base/mkii/supp-pdf.mkii
[Loading MPS to PDF converter (version 2006.09.02).]
\scratchcounter=\count193
\scratchdimen=\dimen152
\scratchbox=\box51
\nofMPsegments=\count194
\nofMParguments=\count195
\everyMPshowfont=\toks28
\MPscratchCnt=\count196
\MPscratchDim=\dimen153
\MPnumerator=\count197
\makeMPintoPDFobject=\count198
\everyMPtoPDFconversion=\toks29
) (/usr/share/texlive/texmf-dist/tex/latex/epstopdf-pkg/epstopdf-base.sty
Package: epstopdf-base 2020-01-24 v2.11 Base part for package epstopdf
Package epstopdf-base Info: Redefining graphics rule for `.eps' on input line 4
85.

(/usr/share/texlive/texmf-dist/tex/latex/latexconfig/epstopdf-sys.cfg
File: epstopdf-sys.cfg 2010/07/13 v1.3 Configuration of (r)epstopdf for TeX Liv
e
))
\AtBeginShipoutBox=\box52

(/usr/share/texlive/texmf-dist/tex/latex/pdflscape/pdflscape.sty
Package: pdflscape 2019/12/05 v0.12 Display of landscape pages in PDF (HO)

(/usr/share/texlive/texmf-dist/tex/latex/graphics/lscape.sty
Package: lscape 2000/10/22 v3.01 Landscape Pages (DPC)
)
Package pdflscape Info: Auto-detected driver: pdftex on input line 81.
)
<./sol4.pdf, id=1, 597.23125pt x 845.1575pt>
File: ./sol4.pdf Graphic file (type pdf)
<use ./sol4.pdf>
Package pdftex.def Info: ./sol4.pdf  used on input line 21.
(pdftex.def)             Requested size: 597.22978pt x 845.15544pt.
File: ./sol4.pdf Graphic file (type pdf)
<use ./sol4.pdf>
Package pdftex.def Info: ./sol4.pdf  used on input line 21.
(pdftex.def)             Requested size: 597.22978pt x 845.15544pt.
<./sol4.pdf, id=4, page=1, 597.23125pt x 845.1575pt>
File: ./sol4.pdf Graphic file (type pdf)
<use ./sol4.pdf, page 1>
Package pdftex.def Info: ./sol4.pdf , page1 used on input line 21.
(pdftex.def)             Requested size: 597.22978pt x 845.15544pt.
File: ./sol4.pdf Graphic file (type pdf)
<use ./sol4.pdf, page 1>
Package pdftex.def Info: ./sol4.pdf , page1 used on input line 21.
(pdftex.def)             Requested size: 597.25711pt x 845.19412pt.
 [1{/var/lib/texmf/fonts/map/pdftex/updmap/pdftex.map}]
File: ./sol4.pdf Graphic file (type pdf)
<use ./sol4.pdf, page 1>
Package pdftex.def Info: ./sol4.pdf , page1 used on input line 21.
(pdftex.def)             Requested size: 597.25711pt x 845.19412pt.
File: ./sol4.pdf Graphic file (type pdf)
<use ./sol4.pdf, page 1>
Package pdftex.def Info: ./sol4.pdf , page1 used on input line 21.
(pdftex.def)             Requested size: 597.25711pt x 845.19412pt.
File: ./sol4.pdf Graphic file (type pdf)
<use ./sol4.pdf, page 1>
Package pdftex.def Info: ./sol4.pdf , page1 used on input line 21.
(pdftex.def)             Requested size: 597.25711pt x 845.19412pt.
 [2 <./sol4.pdf>]
<./sol4.pdf, id=29, page=2, 597.23125pt x 845.1575pt>
File: ./sol4.pdf Graphic file (type pdf)
<use ./sol4.pdf, page 2>
Package pdftex.def Info: ./sol4.pdf , page2 used on input line 21.
(pdftex.def)             Requested size: 597.25711pt x 845.19412pt.
File: ./sol4.pdf Graphic file (type pdf)
<use ./sol4.pdf, page 2>
Package pdftex.def Info: ./sol4.pdf , page2 used on input line 21.
(pdftex.def)             Requested size: 597.25711pt x 845.19412pt.
File: ./sol4.pdf Graphic file (type pdf)
<use ./sol4.pdf, page 2>
Package pdftex.def Info: ./sol4.pdf , page2 used on input line 21.
(pdftex.def)             Requested size: 597.25711pt x 845.19412pt.
 [3 <./sol4.pdf>]
<./sol4.pdf, id=33, page=3, 597.23125pt x 845.1575pt>
File: ./sol4.pdf Graphic file (type pdf)
<use ./sol4.pdf, page 3>
Package pdftex.def Info: ./sol4.pdf , page3 used on input line 21.
(pdftex.def)             Requested size: 597.25711pt x 845.19412pt.
File: ./sol4.pdf Graphic file (type pdf)
<use ./sol4.pdf, page 3>
Package pdftex.def Info: ./sol4.pdf , page3 used on input line 21.
(pdftex.def)             Requested size: 597.25711pt x 845.19412pt.
File: ./sol4.pdf Graphic file (type pdf)
<use ./sol4.pdf, page 3>
Package pdftex.def Info: ./sol4.pdf , page3 used on input line 21.
(pdftex.def)             Requested size: 597.25711pt x 845.19412pt.

[4 <./sol4.pdf>]
<./sol5.pdf, id=37, 597.23125pt x 845.1575pt>
File: ./sol5.pdf Graphic file (type pdf)
<use ./sol5.pdf>
Package pdftex.def Info: ./sol5.pdf  used on input line 22.
(pdftex.def)             Requested size: 597.22978pt x 845.15544pt.
File: ./sol5.pdf Graphic file (type pdf)
<use ./sol5.pdf>
Package pdftex.def Info: ./sol5.pdf  used on input line 22.
(pdftex.def)             Requested size: 597.22978pt x 845.15544pt.
<./sol5.pdf, id=40, page=1, 597.23125pt x 845.1575pt>
File: ./sol5.pdf Graphic file (type pdf)
<use ./sol5.pdf, page 1>
Package pdftex.def Info: ./sol5.pdf , page1 used on input line 22.
(pdftex.def)             Requested size: 597.22978pt x 845.15544pt.
File: ./sol5.pdf Graphic file (type pdf)
<use ./sol5.pdf, page 1>
Package pdftex.def Info: ./sol5.pdf , page1 used on input line 22.
(pdftex.def)             Requested size: 597.25711pt x 845.19412pt.
File: ./sol5.pdf Graphic file (type pdf)
<use ./sol5.pdf, page 1>
Package pdftex.def Info: ./sol5.pdf , page1 used on input line 22.
(pdftex.def)             Requested size: 597.25711pt x 845.19412pt.
File: ./sol5.pdf Graphic file (type pdf)
<use ./sol5.pdf, page 1>
Package pdftex.def Info: ./sol5.pdf , page1 used on input line 22.
(pdftex.def)             Requested size: 597.25711pt x 845.19412pt.
File: ./sol5.pdf Graphic file (type pdf)
<use ./sol5.pdf, page 1>
Package pdftex.def Info: ./sol5.pdf , page1 used on input line 22.
(pdftex.def)             Requested size: 597.25711pt x 845.19412pt.
 [5 <./sol5.pdf>]
<./sol5.pdf, id=55, page=2, 597.23125pt x 845.1575pt>
File: ./sol5.pdf Graphic file (type pdf)
<use ./sol5.pdf, page 2>
Package pdftex.def Info: ./sol5.pdf , page2 used on input line 22.
(pdftex.def)             Requested size: 597.25711pt x 845.19412pt.
File: ./sol5.pdf Graphic file (type pdf)
<use ./sol5.pdf, page 2>
Package pdftex.def Info: ./sol5.pdf , page2 used on input line 22.
(pdftex.def)             Requested size: 597.25711pt x 845.19412pt.
File: ./sol5.pdf Graphic file (type pdf)
<use ./sol5.pdf, page 2>
Package pdftex.def Info: ./sol5.pdf , page2 used on input line 22.
(pdftex.def)             Requested size: 597.25711pt x 845.19412pt.
 [6 <./sol5.pdf>]
<./sol5.pdf, id=59, page=3, 597.23125pt x 845.1575pt>
File: ./sol5.pdf Graphic file (type pdf)
<use ./sol5.pdf, page 3>
Package pdftex.def Info: ./sol5.pdf , page3 used on input line 22.
(pdftex.def)             Requested size: 597.25711pt x 845.19412pt.
File: ./sol5.pdf Graphic file (type pdf)
<use ./sol5.pdf, page 3>
Package pdftex.def Info: ./sol5.pdf , page3 used on input line 22.
(pdftex.def)             Requested size: 597.25711pt x 845.19412pt.
File: ./sol5.pdf Graphic file (type pdf)
<use ./sol5.pdf, page 3>
Package pdftex.def Info: ./sol5.pdf , page3 used on input line 22.
(pdftex.def)             Requested size: 597.25711pt x 845.19412pt.
 [7 <./sol5.pdf>]
(./tutorial05_solutions.aux) ) 
Here is how much of TeX's memory you used:
 3892 strings out of 483107
 53091 string characters out of 5964630
 290338 words of memory out of 5000000
 18712 multiletter control sequences out of 15000+600000
 536737 words of font info for 41 fonts, out of 8000000 for 9000
 220 hyphenation exceptions out of 8191
 40i,18n,46p,257b,433s stack positions out of 5000i,500n,10000p,200000b,80000s
</usr/share/texlive/texmf-dist/fonts/type1/public
/amsfonts/cm/cmbx10.pfb></usr/share/texlive/texmf-dist/fonts/type1/public/amsfo
nts/cm/cmr10.pfb></usr/share/texlive/texmf-dist/fonts/type1/public/amsfonts/cm/
cmr7.pfb></usr/share/texlive/texmf-dist/fonts/type1/public/amsfonts/cm/cmr8.pfb
></usr/share/texlive/texmf-dist/fonts/type1/public/amsfonts/cm/cmti10.pfb>
Output written on tutorial05_solutions.pdf (7 pages, 145841 bytes).
PDF statistics:
 82 PDF objects out of 1000 (max. 8388607)
 53 compressed objects within 1 object stream
 0 named destinations out of 1000 (max. 500000)
 61 words of extra memory for PDF output out of 10000 (max. 10000000)

